c:\workspace\pipa\_labs\air-labs\desktop\windows\store\universal-dll-project\debug\universal-dll-project.pch
c:\workspace\pipa\_labs\air-labs\desktop\windows\store\universal-dll-project\debug\vc142.pdb
c:\workspace\pipa\_labs\air-labs\desktop\windows\store\universal-dll-project\debug\vc142.idb
c:\workspace\pipa\_labs\air-labs\desktop\windows\store\universal-dll-project\debug\pch.obj
c:\workspace\pipa\_labs\air-labs\desktop\windows\store\universal-dll-project\debug\dllmain.obj
c:\workspace\pipa\_labs\air-labs\desktop\windows\store\universal-dll-project\debug\universal-dll-project.obj
c:\workspace\pipa\_labs\air-labs\desktop\windows\store\universal-dll-project\debug\universal-dll-project\universal-dll-project.ilk
c:\workspace\pipa\_labs\air-labs\desktop\windows\store\universal-dll-project\debug\universal-dll-project\universal-dll-project.dll
c:\workspace\pipa\_labs\air-labs\desktop\windows\store\universal-dll-project\debug\universal-dll-project\universal-dll-project.pdb
c:\workspace\pipa\_labs\air-labs\desktop\windows\store\universal-dll-project\debug\universal-dll-project\universal-dll-project.lib
c:\workspace\pipa\_labs\air-labs\desktop\windows\store\universal-dll-project\debug\universal-dll-project\universal-dll-project.exp
c:\workspace\pipa\_labs\air-labs\desktop\windows\store\universal-dll-project\debug\priconfig.xml
c:\workspace\pipa\_labs\air-labs\desktop\windows\store\universal-dll-project\debug\priconfig.xml.intermediate
c:\workspace\pipa\_labs\air-labs\desktop\windows\store\universal-dll-project\debug\unfiltered.layout.resfiles
c:\workspace\pipa\_labs\air-labs\desktop\windows\store\universal-dll-project\debug\unfiltered.layout.resfiles.intermediate
c:\workspace\pipa\_labs\air-labs\desktop\windows\store\universal-dll-project\debug\filtered.layout.resfiles
c:\workspace\pipa\_labs\air-labs\desktop\windows\store\universal-dll-project\debug\filtered.layout.resfiles.intermediate
c:\workspace\pipa\_labs\air-labs\desktop\windows\store\universal-dll-project\debug\excluded.layout.resfiles
c:\workspace\pipa\_labs\air-labs\desktop\windows\store\universal-dll-project\debug\excluded.layout.resfiles.intermediate
c:\workspace\pipa\_labs\air-labs\desktop\windows\store\universal-dll-project\debug\resources.resfiles
c:\workspace\pipa\_labs\air-labs\desktop\windows\store\universal-dll-project\debug\resources.resfiles.intermediate
c:\workspace\pipa\_labs\air-labs\desktop\windows\store\universal-dll-project\debug\pri.resfiles
c:\workspace\pipa\_labs\air-labs\desktop\windows\store\universal-dll-project\debug\pri.resfiles.intermediate
c:\workspace\pipa\_labs\air-labs\desktop\windows\store\universal-dll-project\debug\universal-dll-project\universal_dll_project.pri
c:\workspace\pipa\_labs\air-labs\desktop\windows\store\universal-dll-project\debug\qualifiers.txt
c:\workspace\pipa\_labs\air-labs\desktop\windows\store\universal-dll-project\debug\qualifiers.txt.intermediate
c:\workspace\pipa\_labs\air-labs\desktop\windows\store\universal-dll-project\debug\multiplequalifiersperdimensionfound.txt
c:\workspace\pipa\_labs\air-labs\desktop\windows\store\universal-dll-project\debug\universa.e39cbc2e.tlog\cl.command.1.tlog
c:\workspace\pipa\_labs\air-labs\desktop\windows\store\universal-dll-project\debug\universa.e39cbc2e.tlog\cl.read.1.tlog
c:\workspace\pipa\_labs\air-labs\desktop\windows\store\universal-dll-project\debug\universa.e39cbc2e.tlog\cl.write.1.tlog
c:\workspace\pipa\_labs\air-labs\desktop\windows\store\universal-dll-project\debug\universa.e39cbc2e.tlog\link.command.1.tlog
c:\workspace\pipa\_labs\air-labs\desktop\windows\store\universal-dll-project\debug\universa.e39cbc2e.tlog\link.read.1.tlog
c:\workspace\pipa\_labs\air-labs\desktop\windows\store\universal-dll-project\debug\universa.e39cbc2e.tlog\link.write.1.tlog
c:\workspace\pipa\_labs\air-labs\desktop\windows\store\universal-dll-project\debug\universa.e39cbc2e.tlog\universal-dll-project.read.1u.tlog
c:\workspace\pipa\_labs\air-labs\desktop\windows\store\universal-dll-project\debug\universa.e39cbc2e.tlog\universal-dll-project.write.1u.tlog
